[2024-12-25 01:36:26,689] root - INFO - Entered the run_pipeline method of training pipeline
[2024-12-25 01:36:26,689] root - INFO - Entered the start data_ingestion method of Trainingpipeline class
[2024-12-25 01:36:26,691] root - INFO - Getting data
[2024-12-25 01:36:26,692] root - INFO - Entered the initate data_ingestion method class
[2024-12-25 01:36:26,693] root - INFO - Downloading data from https://drive.google.com/file/d/1J8Gd0d4YwOhdkN0SALD1CBRe-argMey_/view?usp=drive_link into file D:\ML_Projects\End_to_end\Text_Classification\artifacts\12_25_2024_01_36_19\DataIngestionArtifacts\dataset.zip
[2024-12-25 01:36:26,718] urllib3.connectionpool - DEBUG - Starting new HTTPS connection (1): drive.google.com:443
[2024-12-25 01:36:29,301] urllib3.connectionpool - DEBUG - https://drive.google.com:443 "GET /uc?/export=download&id=1J8Gd0d4YwOhdkN0SALD1CBRe-argMey_ HTTP/11" 303 0
[2024-12-25 01:36:29,310] urllib3.connectionpool - DEBUG - Starting new HTTPS connection (1): doc-00-3o-docs.googleusercontent.com:443
[2024-12-25 01:36:30,173] urllib3.connectionpool - DEBUG - https://doc-00-3o-docs.googleusercontent.com:443 "GET /docs/securesc/u727qbb4h4vr5rmirulce2ubr3lm7ml6/1ea1kd7dmv3tordq11ahup2iq87ukgbq/1735070775000/05840176216229665370/06160806390192916552Z/1J8Gd0d4YwOhdkN0SALD1CBRe-argMey_?uuid=bf0e0311-7cc9-426c-a53b-01e181d22db2 HTTP/11" 302 0
[2024-12-25 01:36:30,526] urllib3.connectionpool - DEBUG - https://drive.google.com:443 "GET /nonceSigner?nonce=v63lh8k4d0v5a&continue=https://doc-00-3o-docs.googleusercontent.com/docs/securesc/u727qbb4h4vr5rmirulce2ubr3lm7ml6/1ea1kd7dmv3tordq11ahup2iq87ukgbq/1735070775000/05840176216229665370/06160806390192916552Z/1J8Gd0d4YwOhdkN0SALD1CBRe-argMey_?uuid%3Dbf0e0311-7cc9-426c-a53b-01e181d22db2&hash=hhh96da16k9ghfpgqjdrmfe6te393f98 HTTP/11" 302 0
[2024-12-25 01:36:32,553] urllib3.connectionpool - DEBUG - https://doc-00-3o-docs.googleusercontent.com:443 "GET /docs/securesc/u727qbb4h4vr5rmirulce2ubr3lm7ml6/1ea1kd7dmv3tordq11ahup2iq87ukgbq/1735070775000/05840176216229665370/06160806390192916552Z/1J8Gd0d4YwOhdkN0SALD1CBRe-argMey_?uuid=bf0e0311-7cc9-426c-a53b-01e181d22db2&nonce=v63lh8k4d0v5a&user=06160806390192916552Z&hash=n7s614iqblcloucpkll2sndi4bivg6tu HTTP/11" 200 2323493
[2024-12-25 01:36:34,640] root - INFO - Downloading data from https://drive.google.com/file/d/1J8Gd0d4YwOhdkN0SALD1CBRe-argMey_/view?usp=drive_link into file D:\ML_Projects\End_to_end\Text_Classification\artifacts\12_25_2024_01_36_19\DataIngestionArtifacts\dataset.zip
[2024-12-25 01:36:34,640] root - INFO - fetched the data from drive
[2024-12-25 01:36:34,799] root - INFO - Existed the extract_zip_file mehod
[2024-12-25 01:36:34,799] root - INFO - data ingestion artifact: DataIngestionArtifacts(imbalance_data_file_path='D:\\ML_Projects\\End_to_end\\Text_Classification\\artifacts\\12_25_2024_01_36_19\\DataIngestionArtifacts\\imbalanced_data.csv', raw_data_file_path='D:\\ML_Projects\\End_to_end\\Text_Classification\\artifacts\\12_25_2024_01_36_19\\DataIngestionArtifacts\\raw_data.csv')
[2024-12-25 01:36:34,799] root - INFO - enterned into start data_transformation method of training pipeline
[2024-12-25 01:36:34,799] root - INFO - entered inthe initate_data_transformation methos of Data transformation
[2024-12-25 01:36:34,799] root - INFO - Entered into the imbalanced_data_cleaning function
[2024-12-25 01:36:35,039] root - INFO - Existed the imbalance data_cleaning function and returned imbalanced data        label                                              tweet
0          0   @user when a father is dysfunctional and is s...
1          0  @user @user thanks for #lyft credit i can't us...
2          0                                bihday your majesty
3          0  #model   i love u take with u all the time in ...
4          0             factsguide: society now    #motivation
...      ...                                                ...
31957      0  ate @user isz that youuu?ð\x9f\x98\x8dð\x9f\x98\x8dð\x9f\x98\x8dð\x9f\x98\x8dð\x9f\x98\x8dð...
31958      0    to see nina turner on the airwaves trying to...
31959      0  listening to sad songs on a monday morning otw...
31960      1  @user #sikh #temple vandalised in in #calgary,...
31961      0                   thank you @user for you follow  

[31962 rows x 2 columns]
[2024-12-25 01:36:35,043] root - INFO - Entered into raw data cleaning function
[2024-12-25 01:36:35,244] root - INFO - existed the raw data cleaning function and returned the raw data        Unnamed: 0  ...                                              tweet
0               0  ...  !!! RT @mayasolovely: As a woman you shouldn't...
1               1  ...  !!!!! RT @mleew17: boy dats cold...tyga dwn ba...
2               2  ...  !!!!!!! RT @UrKindOfBrand Dawg!!!! RT @80sbaby...
3               3  ...  !!!!!!!!! RT @C_G_Anderson: @viva_based she lo...
4               4  ...  !!!!!!!!!!!!! RT @ShenikaRoberts: The shit you...
...           ...  ...                                                ...
24778       25291  ...  you's a muthaf***in lie &#8220;@LifeAsKing: @2...
24779       25292  ...  you've gone and broke the wrong heart baby, an...
24780       25294  ...  young buck wanna eat!!.. dat nigguh like I ain...
24781       25295  ...              youu got wild bitches tellin you lies
24782       25296  ...  ~~Ruffled | Ntac Eileen Dahlia - Beautiful col...

[24783 rows x 3 columns]
[2024-12-25 01:36:35,246] root - INFO - Entered into the concat_dataframe function
[2024-12-25 01:36:35,246] root - INFO - Entered into raw data cleaning function
[2024-12-25 01:36:35,444] root - INFO - existed the raw data cleaning function and returned the raw data        Unnamed: 0  ...                                              tweet
0               0  ...  !!! RT @mayasolovely: As a woman you shouldn't...
1               1  ...  !!!!! RT @mleew17: boy dats cold...tyga dwn ba...
2               2  ...  !!!!!!! RT @UrKindOfBrand Dawg!!!! RT @80sbaby...
3               3  ...  !!!!!!!!! RT @C_G_Anderson: @viva_based she lo...
4               4  ...  !!!!!!!!!!!!! RT @ShenikaRoberts: The shit you...
...           ...  ...                                                ...
24778       25291  ...  you's a muthaf***in lie &#8220;@LifeAsKing: @2...
24779       25292  ...  you've gone and broke the wrong heart baby, an...
24780       25294  ...  young buck wanna eat!!.. dat nigguh like I ain...
24781       25295  ...              youu got wild bitches tellin you lies
24782       25296  ...  ~~Ruffled | Ntac Eileen Dahlia - Beautiful col...

[24783 rows x 3 columns]
[2024-12-25 01:36:35,444] root - INFO - Entered into the imbalanced_data_cleaning function
[2024-12-25 01:36:35,654] root - INFO - Existed the imbalance data_cleaning function and returned imbalanced data        label                                              tweet
0          0   @user when a father is dysfunctional and is s...
1          0  @user @user thanks for #lyft credit i can't us...
2          0                                bihday your majesty
3          0  #model   i love u take with u all the time in ...
4          0             factsguide: society now    #motivation
...      ...                                                ...
31957      0  ate @user isz that youuu?ð\x9f\x98\x8dð\x9f\x98\x8dð\x9f\x98\x8dð\x9f\x98\x8dð\x9f\x98\x8dð...
31958      0    to see nina turner on the airwaves trying to...
31959      0  listening to sad songs on a monday morning otw...
31960      1  @user #sikh #temple vandalised in in #calgary,...
31961      0                   thank you @user for you follow  

[31962 rows x 2 columns]
[2024-12-25 01:36:35,704] root - INFO - returned the concated data        Unnamed: 0  ...  label
0             0.0  ...    NaN
1             1.0  ...    NaN
2             2.0  ...    NaN
3             3.0  ...    NaN
4             4.0  ...    NaN
...           ...  ...    ...
31957         NaN  ...    0.0
31958         NaN  ...    0.0
31959         NaN  ...    0.0
31960         NaN  ...    1.0
31961         NaN  ...    0.0

[56745 rows x 4 columns]
[2024-12-25 01:36:35,708] root - INFO - enterned the concat_data_cleaning function
