[2024-12-25 13:21:39,113] root - INFO - Entered the run_pipeline method of training pipeline
[2024-12-25 13:21:39,113] root - INFO - Entered the start data_ingestion method of Trainingpipeline class
[2024-12-25 13:21:39,113] root - INFO - Getting data
[2024-12-25 13:21:39,113] root - INFO - Entered the initate data_ingestion method class
[2024-12-25 13:21:39,113] root - INFO - Downloading data from https://drive.google.com/file/d/1J8Gd0d4YwOhdkN0SALD1CBRe-argMey_/view?usp=drive_link into file D:\ML_Projects\End_to_end\Text_Classification\artifacts\12_25_2024_13_21_36\DataIngestionArtifacts\dataset.zip
[2024-12-25 13:21:39,129] urllib3.connectionpool - DEBUG - Starting new HTTPS connection (1): drive.google.com:443
[2024-12-25 13:21:43,962] urllib3.connectionpool - DEBUG - https://drive.google.com:443 "GET /uc?/export=download&id=1J8Gd0d4YwOhdkN0SALD1CBRe-argMey_ HTTP/11" 303 0
[2024-12-25 13:21:43,962] urllib3.connectionpool - DEBUG - Starting new HTTPS connection (1): doc-00-3o-docs.googleusercontent.com:443
[2024-12-25 13:21:46,412] urllib3.connectionpool - DEBUG - https://doc-00-3o-docs.googleusercontent.com:443 "GET /docs/securesc/u727qbb4h4vr5rmirulce2ubr3lm7ml6/glec2qqlqc40mf13f9l39accgegc2h33/1735113075000/05840176216229665370/06160806390192916552Z/1J8Gd0d4YwOhdkN0SALD1CBRe-argMey_?uuid=83c42743-cdc3-49b6-b88f-0122d57e4d64 HTTP/11" 200 2323493
[2024-12-25 13:21:46,872] root - INFO - Downloading data from https://drive.google.com/file/d/1J8Gd0d4YwOhdkN0SALD1CBRe-argMey_/view?usp=drive_link into file D:\ML_Projects\End_to_end\Text_Classification\artifacts\12_25_2024_13_21_36\DataIngestionArtifacts\dataset.zip
[2024-12-25 13:21:46,872] root - INFO - fetched the data from drive
[2024-12-25 13:21:46,954] root - INFO - Existed the extract_zip_file mehod
[2024-12-25 13:21:46,954] root - INFO - data ingestion artifact: DataIngestionArtifacts(imbalance_data_file_path='D:\\ML_Projects\\End_to_end\\Text_Classification\\artifacts\\12_25_2024_13_21_36\\DataIngestionArtifacts\\imbalanced_data.csv', raw_data_file_path='D:\\ML_Projects\\End_to_end\\Text_Classification\\artifacts\\12_25_2024_13_21_36\\DataIngestionArtifacts\\raw_data.csv')
[2024-12-25 13:21:46,954] root - INFO - enterned into start data_transformation method of training pipeline
[2024-12-25 13:21:46,954] root - INFO - entered inthe initate_data_transformation methos of Data transformation
[2024-12-25 13:21:46,954] root - INFO - Entered into the imbalanced_data_cleaning function
[2024-12-25 13:21:47,072] root - INFO - Existed the imbalance data_cleaning function and returned imbalanced data        label                                              tweet
0          0   @user when a father is dysfunctional and is s...
1          0  @user @user thanks for #lyft credit i can't us...
2          0                                bihday your majesty
3          0  #model   i love u take with u all the time in ...
4          0             factsguide: society now    #motivation
...      ...                                                ...
31957      0  ate @user isz that youuu?ð\x9f\x98\x8dð\x9f\x98\x8dð\x9f\x98\x8dð\x9f\x98\x8dð\x9f\x98\x8dð...
31958      0    to see nina turner on the airwaves trying to...
31959      0  listening to sad songs on a monday morning otw...
31960      1  @user #sikh #temple vandalised in in #calgary,...
31961      0                   thank you @user for you follow  

[31962 rows x 2 columns]
[2024-12-25 13:21:47,073] root - INFO - entered into raw data cleaning function
[2024-12-25 13:21:47,073] root - INFO - Entered into raw data cleaning function
[2024-12-25 13:21:47,142] root - INFO - existed the raw data cleaning function and returned the raw data        class                                              tweet
0          0  !!! RT @mayasolovely: As a woman you shouldn't...
1          1  !!!!! RT @mleew17: boy dats cold...tyga dwn ba...
2          1  !!!!!!! RT @UrKindOfBrand Dawg!!!! RT @80sbaby...
3          1  !!!!!!!!! RT @C_G_Anderson: @viva_based she lo...
4          1  !!!!!!!!!!!!! RT @ShenikaRoberts: The shit you...
...      ...                                                ...
24778      1  you's a muthaf***in lie &#8220;@LifeAsKing: @2...
24779      0  you've gone and broke the wrong heart baby, an...
24780      1  young buck wanna eat!!.. dat nigguh like I ain...
24781      1              youu got wild bitches tellin you lies
24782      0  ~~Ruffled | Ntac Eileen Dahlia - Beautiful col...

[24783 rows x 2 columns]
[2024-12-25 13:21:47,146] root - INFO - Entered into the concat_dataframe function
[2024-12-25 13:21:47,146] root - INFO - Entered into raw data cleaning function
[2024-12-25 13:21:47,257] root - INFO - existed the raw data cleaning function and returned the raw data        class                                              tweet
0          0  !!! RT @mayasolovely: As a woman you shouldn't...
1          1  !!!!! RT @mleew17: boy dats cold...tyga dwn ba...
2          1  !!!!!!! RT @UrKindOfBrand Dawg!!!! RT @80sbaby...
3          1  !!!!!!!!! RT @C_G_Anderson: @viva_based she lo...
4          1  !!!!!!!!!!!!! RT @ShenikaRoberts: The shit you...
...      ...                                                ...
24778      1  you's a muthaf***in lie &#8220;@LifeAsKing: @2...
24779      0  you've gone and broke the wrong heart baby, an...
24780      1  young buck wanna eat!!.. dat nigguh like I ain...
24781      1              youu got wild bitches tellin you lies
24782      0  ~~Ruffled | Ntac Eileen Dahlia - Beautiful col...

[24783 rows x 2 columns]
[2024-12-25 13:21:47,260] root - INFO - Entered into the imbalanced_data_cleaning function
[2024-12-25 13:21:47,365] root - INFO - Existed the imbalance data_cleaning function and returned imbalanced data        label                                              tweet
0          0   @user when a father is dysfunctional and is s...
1          0  @user @user thanks for #lyft credit i can't us...
2          0                                bihday your majesty
3          0  #model   i love u take with u all the time in ...
4          0             factsguide: society now    #motivation
...      ...                                                ...
31957      0  ate @user isz that youuu?ð\x9f\x98\x8dð\x9f\x98\x8dð\x9f\x98\x8dð\x9f\x98\x8dð\x9f\x98\x8dð...
31958      0    to see nina turner on the airwaves trying to...
31959      0  listening to sad songs on a monday morning otw...
31960      1  @user #sikh #temple vandalised in in #calgary,...
31961      0                   thank you @user for you follow  

[31962 rows x 2 columns]
[2024-12-25 13:21:47,372] root - INFO - entered into cocat_data_cleaning funnction
[2024-12-25 13:21:47,383] root - INFO - enterned the concat_data_cleaning function
[2024-12-25 13:21:47,827] root - INFO - enterned the concat_data_cleaning function
[2024-12-25 13:21:47,876] root - INFO - enterned the concat_data_cleaning function
[2024-12-25 13:21:47,996] root - INFO - enterned the concat_data_cleaning function
[2024-12-25 13:21:48,001] root - INFO - enterned the concat_data_cleaning function
[2024-12-25 13:21:48,512] root - INFO - enterned the concat_data_cleaning function
[2024-12-25 13:21:48,681] root - INFO - enterned the concat_data_cleaning function
[2024-12-25 13:21:48,877] root - INFO - enterned the concat_data_cleaning function
[2024-12-25 13:21:48,934] root - INFO - enterned the concat_data_cleaning function
[2024-12-25 13:21:48,968] root - INFO - enterned the concat_data_cleaning function
[2024-12-25 13:21:48,972] root - INFO - enterned the concat_data_cleaning function
[2024-12-25 13:21:49,122] root - INFO - enterned the concat_data_cleaning function
[2024-12-25 13:21:49,131] root - INFO - enterned the concat_data_cleaning function
[2024-12-25 13:21:49,165] root - INFO - enterned the concat_data_cleaning function
[2024-12-25 13:21:49,184] root - INFO - enterned the concat_data_cleaning function
[2024-12-25 13:21:49,188] root - INFO - enterned the concat_data_cleaning function
[2024-12-25 13:21:49,192] root - INFO - enterned the concat_data_cleaning function
[2024-12-25 13:21:49,196] root - INFO - enterned the concat_data_cleaning function
[2024-12-25 13:21:49,196] root - INFO - enterned the concat_data_cleaning function
[2024-12-25 13:21:49,202] root - INFO - enterned the concat_data_cleaning function
[2024-12-25 13:21:49,212] root - INFO - enterned the concat_data_cleaning function
[2024-12-25 13:21:49,212] root - INFO - enterned the concat_data_cleaning function
[2024-12-25 13:21:49,222] root - INFO - enterned the concat_data_cleaning function
[2024-12-25 13:21:49,226] root - INFO - enterned the concat_data_cleaning function
[2024-12-25 13:21:49,331] root - INFO - enterned the concat_data_cleaning function
[2024-12-25 13:21:49,352] root - INFO - enterned the concat_data_cleaning function
[2024-12-25 13:21:49,357] root - INFO - enterned the concat_data_cleaning function
[2024-12-25 13:21:49,357] root - INFO - enterned the concat_data_cleaning function
[2024-12-25 13:21:49,402] root - INFO - enterned the concat_data_cleaning function
[2024-12-25 13:21:49,415] root - INFO - enterned the concat_data_cleaning function
[2024-12-25 13:21:49,442] root - INFO - enterned the concat_data_cleaning function
[2024-12-25 13:21:49,451] root - INFO - enterned the concat_data_cleaning function
[2024-12-25 13:21:49,513] root - INFO - enterned the concat_data_cleaning function
[2024-12-25 13:21:49,545] root - INFO - enterned the concat_data_cleaning function
[2024-12-25 13:21:49,553] root - INFO - enterned the concat_data_cleaning function
[2024-12-25 13:21:49,774] root - INFO - enterned the concat_data_cleaning function
[2024-12-25 13:21:49,776] root - INFO - enterned the concat_data_cleaning function
[2024-12-25 13:21:49,782] root - INFO - enterned the concat_data_cleaning function
[2024-12-25 13:21:49,808] root - INFO - enterned the concat_data_cleaning function
[2024-12-25 13:21:49,821] root - INFO - enterned the concat_data_cleaning function
[2024-12-25 13:21:49,837] root - INFO - enterned the concat_data_cleaning function
[2024-12-25 13:21:49,842] root - INFO - enterned the concat_data_cleaning function
[2024-12-25 13:21:49,867] root - INFO - enterned the concat_data_cleaning function
[2024-12-25 13:21:50,210] root - INFO - enterned the concat_data_cleaning function
[2024-12-25 13:21:50,233] root - INFO - enterned the concat_data_cleaning function
[2024-12-25 13:21:50,256] root - INFO - enterned the concat_data_cleaning function
[2024-12-25 13:21:50,272] root - INFO - enterned the concat_data_cleaning function
[2024-12-25 13:21:50,294] root - INFO - enterned the concat_data_cleaning function
[2024-12-25 13:21:50,386] root - INFO - enterned the concat_data_cleaning function
[2024-12-25 13:21:50,433] root - INFO - enterned the concat_data_cleaning function
[2024-12-25 13:21:50,479] root - INFO - enterned the concat_data_cleaning function
[2024-12-25 13:21:50,495] root - INFO - enterned the concat_data_cleaning function
[2024-12-25 13:21:50,545] root - INFO - enterned the concat_data_cleaning function
[2024-12-25 13:21:50,813] root - INFO - enterned the concat_data_cleaning function
[2024-12-25 13:21:50,831] root - INFO - enterned the concat_data_cleaning function
[2024-12-25 13:21:50,859] root - INFO - enterned the concat_data_cleaning function
[2024-12-25 13:21:50,879] root - INFO - enterned the concat_data_cleaning function
[2024-12-25 13:21:51,162] root - INFO - enterned the concat_data_cleaning function
[2024-12-25 13:21:51,167] root - INFO - enterned the concat_data_cleaning function
[2024-12-25 13:21:51,186] root - INFO - enterned the concat_data_cleaning function
[2024-12-25 13:21:51,233] root - INFO - enterned the concat_data_cleaning function
[2024-12-25 13:21:51,313] root - INFO - enterned the concat_data_cleaning function
[2024-12-25 13:21:51,313] root - INFO - enterned the concat_data_cleaning function
[2024-12-25 13:21:51,464] root - INFO - enterned the concat_data_cleaning function
[2024-12-25 13:21:51,476] root - INFO - enterned the concat_data_cleaning function
[2024-12-25 13:21:51,565] root - INFO - enterned the concat_data_cleaning function
[2024-12-25 13:21:51,937] root - INFO - enterned the concat_data_cleaning function
[2024-12-25 13:21:51,945] root - INFO - enterned the concat_data_cleaning function
[2024-12-25 13:21:51,986] root - INFO - enterned the concat_data_cleaning function
[2024-12-25 13:21:52,062] root - INFO - enterned the concat_data_cleaning function
[2024-12-25 13:21:52,152] root - INFO - enterned the concat_data_cleaning function
[2024-12-25 13:21:52,251] root - INFO - enterned the concat_data_cleaning function
[2024-12-25 13:21:52,272] root - INFO - enterned the concat_data_cleaning function
[2024-12-25 13:21:52,282] root - INFO - enterned the concat_data_cleaning function
[2024-12-25 13:21:52,632] root - INFO - enterned the concat_data_cleaning function
[2024-12-25 13:21:52,731] root - INFO - enterned the concat_data_cleaning function
[2024-12-25 13:21:52,746] root - INFO - enterned the concat_data_cleaning function
[2024-12-25 13:21:52,752] root - INFO - enterned the concat_data_cleaning function
[2024-12-25 13:21:53,552] root - INFO - enterned the concat_data_cleaning function
[2024-12-25 13:21:53,562] root - INFO - enterned the concat_data_cleaning function
[2024-12-25 13:21:53,752] root - INFO - enterned the concat_data_cleaning function
[2024-12-25 13:21:53,833] root - INFO - enterned the concat_data_cleaning function
[2024-12-25 13:21:54,295] root - INFO - enterned the concat_data_cleaning function
[2024-12-25 13:21:54,298] root - INFO - enterned the concat_data_cleaning function
[2024-12-25 13:21:54,374] root - INFO - enterned the concat_data_cleaning function
[2024-12-25 13:21:54,532] root - INFO - enterned the concat_data_cleaning function
[2024-12-25 13:21:54,532] root - INFO - enterned the concat_data_cleaning function
[2024-12-25 13:21:54,588] root - INFO - enterned the concat_data_cleaning function
[2024-12-25 13:21:54,608] root - INFO - enterned the concat_data_cleaning function
[2024-12-25 13:21:54,613] root - INFO - enterned the concat_data_cleaning function
[2024-12-25 13:21:54,642] root - INFO - enterned the concat_data_cleaning function
[2024-12-25 13:21:54,647] root - INFO - enterned the concat_data_cleaning function
[2024-12-25 13:21:54,697] root - INFO - enterned the concat_data_cleaning function
[2024-12-25 13:21:54,882] root - INFO - enterned the concat_data_cleaning function
[2024-12-25 13:21:55,029] root - INFO - enterned the concat_data_cleaning function
[2024-12-25 13:21:55,231] root - INFO - enterned the concat_data_cleaning function
[2024-12-25 13:21:55,262] root - INFO - enterned the concat_data_cleaning function
[2024-12-25 13:21:55,302] root - INFO - enterned the concat_data_cleaning function
[2024-12-25 13:21:55,371] root - INFO - enterned the concat_data_cleaning function
[2024-12-25 13:21:55,567] root - INFO - enterned the concat_data_cleaning function
[2024-12-25 13:21:55,572] root - INFO - enterned the concat_data_cleaning function
[2024-12-25 13:21:55,602] root - INFO - enterned the concat_data_cleaning function
[2024-12-25 13:21:55,749] root - INFO - enterned the concat_data_cleaning function
[2024-12-25 13:21:55,982] root - INFO - enterned the concat_data_cleaning function
[2024-12-25 13:21:56,062] root - INFO - enterned the concat_data_cleaning function
[2024-12-25 13:21:56,277] root - INFO - enterned the concat_data_cleaning function
[2024-12-25 13:21:56,322] root - INFO - enterned the concat_data_cleaning function
[2024-12-25 13:21:56,332] root - INFO - enterned the concat_data_cleaning function
[2024-12-25 13:21:56,459] root - INFO - enterned the concat_data_cleaning function
[2024-12-25 13:21:56,642] root - INFO - enterned the concat_data_cleaning function
[2024-12-25 13:21:56,658] root - INFO - enterned the concat_data_cleaning function
[2024-12-25 13:21:56,690] root - INFO - enterned the concat_data_cleaning function
[2024-12-25 13:21:56,705] root - INFO - enterned the concat_data_cleaning function
[2024-12-25 13:21:56,712] root - INFO - enterned the concat_data_cleaning function
[2024-12-25 13:21:56,723] root - INFO - enterned the concat_data_cleaning function
[2024-12-25 13:21:56,819] root - INFO - enterned the concat_data_cleaning function
[2024-12-25 13:21:56,857] root - INFO - enterned the concat_data_cleaning function
[2024-12-25 13:21:56,869] root - INFO - enterned the concat_data_cleaning function
[2024-12-25 13:21:57,026] root - INFO - enterned the concat_data_cleaning function
[2024-12-25 13:21:57,102] root - INFO - enterned the concat_data_cleaning function
[2024-12-25 13:21:57,202] root - INFO - enterned the concat_data_cleaning function
[2024-12-25 13:21:57,231] root - INFO - enterned the concat_data_cleaning function
[2024-12-25 13:21:57,248] root - INFO - enterned the concat_data_cleaning function
[2024-12-25 13:21:57,414] root - INFO - enterned the concat_data_cleaning function
[2024-12-25 13:21:57,426] root - INFO - enterned the concat_data_cleaning function
[2024-12-25 13:21:57,524] root - INFO - enterned the concat_data_cleaning function
[2024-12-25 13:21:57,556] root - INFO - enterned the concat_data_cleaning function
[2024-12-25 13:21:57,604] root - INFO - enterned the concat_data_cleaning function
[2024-12-25 13:21:57,820] root - INFO - enterned the concat_data_cleaning function
[2024-12-25 13:21:57,826] root - INFO - enterned the concat_data_cleaning function
[2024-12-25 13:21:57,862] root - INFO - enterned the concat_data_cleaning function
[2024-12-25 13:21:57,890] root - INFO - enterned the concat_data_cleaning function
[2024-12-25 13:21:58,157] root - INFO - enterned the concat_data_cleaning function
[2024-12-25 13:21:58,412] root - INFO - enterned the concat_data_cleaning function
[2024-12-25 13:21:58,437] root - INFO - enterned the concat_data_cleaning function
[2024-12-25 13:21:58,447] root - INFO - enterned the concat_data_cleaning function
[2024-12-25 13:21:58,472] root - INFO - enterned the concat_data_cleaning function
[2024-12-25 13:21:58,472] root - INFO - enterned the concat_data_cleaning function
[2024-12-25 13:21:58,512] root - INFO - enterned the concat_data_cleaning function
[2024-12-25 13:21:58,567] root - INFO - enterned the concat_data_cleaning function
[2024-12-25 13:21:58,874] root - INFO - enterned the concat_data_cleaning function
[2024-12-25 13:21:58,887] root - INFO - enterned the concat_data_cleaning function
[2024-12-25 13:21:59,362] root - INFO - enterned the concat_data_cleaning function
[2024-12-25 13:21:59,387] root - INFO - enterned the concat_data_cleaning function
[2024-12-25 13:21:59,395] root - INFO - enterned the concat_data_cleaning function
[2024-12-25 13:21:59,515] root - INFO - enterned the concat_data_cleaning function
[2024-12-25 13:21:59,553] root - INFO - enterned the concat_data_cleaning function
[2024-12-25 13:21:59,884] root - INFO - enterned the concat_data_cleaning function
[2024-12-25 13:21:59,922] root - INFO - enterned the concat_data_cleaning function
[2024-12-25 13:22:00,019] root - INFO - enterned the concat_data_cleaning function
[2024-12-25 13:22:00,312] root - INFO - enterned the concat_data_cleaning function
[2024-12-25 13:22:00,440] root - INFO - enterned the concat_data_cleaning function
[2024-12-25 13:22:00,514] root - INFO - enterned the concat_data_cleaning function
[2024-12-25 13:22:00,764] root - INFO - enterned the concat_data_cleaning function
[2024-12-25 13:22:01,352] root - INFO - enterned the concat_data_cleaning function
[2024-12-25 13:22:01,662] root - INFO - enterned the concat_data_cleaning function
[2024-12-25 13:22:01,763] root - INFO - enterned the concat_data_cleaning function
[2024-12-25 13:22:01,796] root - INFO - enterned the concat_data_cleaning function
[2024-12-25 13:22:01,942] root - INFO - enterned the concat_data_cleaning function
[2024-12-25 13:22:02,342] root - INFO - enterned the concat_data_cleaning function
[2024-12-25 13:22:02,394] root - INFO - enterned the concat_data_cleaning function
[2024-12-25 13:22:02,672] root - INFO - enterned the concat_data_cleaning function
[2024-12-25 13:22:02,690] root - INFO - enterned the concat_data_cleaning function
[2024-12-25 13:22:02,742] root - INFO - enterned the concat_data_cleaning function
[2024-12-25 13:22:02,754] root - INFO - enterned the concat_data_cleaning function
[2024-12-25 13:22:02,832] root - INFO - enterned the concat_data_cleaning function
[2024-12-25 13:22:02,912] root - INFO - enterned the concat_data_cleaning function
[2024-12-25 13:22:03,412] root - INFO - enterned the concat_data_cleaning function
[2024-12-25 13:22:03,432] root - INFO - enterned the concat_data_cleaning function
[2024-12-25 13:22:03,434] root - INFO - enterned the concat_data_cleaning function
[2024-12-25 13:22:03,535] root - INFO - enterned the concat_data_cleaning function
[2024-12-25 13:22:03,569] root - INFO - enterned the concat_data_cleaning function
[2024-12-25 13:22:03,978] root - INFO - enterned the concat_data_cleaning function
[2024-12-25 13:22:03,986] root - INFO - enterned the concat_data_cleaning function
[2024-12-25 13:22:04,036] root - INFO - enterned the concat_data_cleaning function
[2024-12-25 13:22:04,066] root - INFO - enterned the concat_data_cleaning function
[2024-12-25 13:22:04,074] root - INFO - enterned the concat_data_cleaning function
[2024-12-25 13:22:04,074] root - INFO - enterned the concat_data_cleaning function
[2024-12-25 13:22:04,303] root - INFO - enterned the concat_data_cleaning function
[2024-12-25 13:22:04,307] root - INFO - enterned the concat_data_cleaning function
[2024-12-25 13:22:04,312] root - INFO - enterned the concat_data_cleaning function
[2024-12-25 13:22:04,632] root - INFO - enterned the concat_data_cleaning function
[2024-12-25 13:22:04,759] root - INFO - enterned the concat_data_cleaning function
[2024-12-25 13:22:04,807] root - INFO - enterned the concat_data_cleaning function
[2024-12-25 13:22:05,422] root - INFO - enterned the concat_data_cleaning function
[2024-12-25 13:22:05,479] root - INFO - enterned the concat_data_cleaning function
[2024-12-25 13:22:05,504] root - INFO - enterned the concat_data_cleaning function
[2024-12-25 13:22:05,597] root - INFO - enterned the concat_data_cleaning function
[2024-12-25 13:22:05,607] root - INFO - enterned the concat_data_cleaning function
[2024-12-25 13:22:05,624] root - INFO - enterned the concat_data_cleaning function
[2024-12-25 13:22:05,752] root - INFO - enterned the concat_data_cleaning function
[2024-12-25 13:22:05,752] root - INFO - enterned the concat_data_cleaning function
[2024-12-25 13:22:05,892] root - INFO - enterned the concat_data_cleaning function
[2024-12-25 13:22:05,963] root - INFO - enterned the concat_data_cleaning function
[2024-12-25 13:22:06,102] root - INFO - enterned the concat_data_cleaning function
[2024-12-25 13:22:06,172] root - INFO - enterned the concat_data_cleaning function
[2024-12-25 13:22:06,363] root - INFO - enterned the concat_data_cleaning function
[2024-12-25 13:22:06,434] root - INFO - enterned the concat_data_cleaning function
[2024-12-25 13:22:06,434] root - INFO - enterned the concat_data_cleaning function
[2024-12-25 13:22:06,720] root - INFO - enterned the concat_data_cleaning function
[2024-12-25 13:22:06,722] root - INFO - enterned the concat_data_cleaning function
[2024-12-25 13:22:06,822] root - INFO - enterned the concat_data_cleaning function
[2024-12-25 13:22:06,922] root - INFO - enterned the concat_data_cleaning function
[2024-12-25 13:22:06,927] root - INFO - enterned the concat_data_cleaning function
[2024-12-25 13:22:06,962] root - INFO - enterned the concat_data_cleaning function
[2024-12-25 13:22:07,112] root - INFO - enterned the concat_data_cleaning function
[2024-12-25 13:22:07,162] root - INFO - enterned the concat_data_cleaning function
[2024-12-25 13:22:07,208] root - INFO - enterned the concat_data_cleaning function
[2024-12-25 13:22:07,217] root - INFO - enterned the concat_data_cleaning function
[2024-12-25 13:22:07,222] root - INFO - enterned the concat_data_cleaning function
[2024-12-25 13:22:07,260] root - INFO - enterned the concat_data_cleaning function
[2024-12-25 13:22:07,390] root - INFO - enterned the concat_data_cleaning function
[2024-12-25 13:22:07,398] root - INFO - enterned the concat_data_cleaning function
[2024-12-25 13:22:07,752] root - INFO - enterned the concat_data_cleaning function
[2024-12-25 13:22:07,829] root - INFO - enterned the concat_data_cleaning function
[2024-12-25 13:22:07,876] root - INFO - enterned the concat_data_cleaning function
[2024-12-25 13:22:07,924] root - INFO - enterned the concat_data_cleaning function
[2024-12-25 13:22:08,044] root - INFO - enterned the concat_data_cleaning function
[2024-12-25 13:22:08,063] root - INFO - enterned the concat_data_cleaning function
[2024-12-25 13:22:08,563] root - INFO - enterned the concat_data_cleaning function
[2024-12-25 13:22:08,787] root - INFO - enterned the concat_data_cleaning function
[2024-12-25 13:22:08,799] root - INFO - enterned the concat_data_cleaning function
[2024-12-25 13:22:08,907] root - INFO - enterned the concat_data_cleaning function
[2024-12-25 13:22:09,011] root - INFO - enterned the concat_data_cleaning function
[2024-12-25 13:22:09,013] root - INFO - enterned the concat_data_cleaning function
[2024-12-25 13:22:09,033] root - INFO - enterned the concat_data_cleaning function
[2024-12-25 13:22:09,040] root - INFO - enterned the concat_data_cleaning function
[2024-12-25 13:22:09,172] root - INFO - enterned the concat_data_cleaning function
[2024-12-25 13:22:09,492] root - INFO - enterned the concat_data_cleaning function
[2024-12-25 13:22:09,671] root - INFO - enterned the concat_data_cleaning function
[2024-12-25 13:22:09,842] root - INFO - enterned the concat_data_cleaning function
[2024-12-25 13:22:09,914] root - INFO - enterned the concat_data_cleaning function
[2024-12-25 13:22:09,987] root - INFO - enterned the concat_data_cleaning function
[2024-12-25 13:22:10,022] root - INFO - enterned the concat_data_cleaning function
[2024-12-25 13:22:10,042] root - INFO - enterned the concat_data_cleaning function
[2024-12-25 13:22:10,072] root - INFO - enterned the concat_data_cleaning function
[2024-12-25 13:22:10,242] root - INFO - enterned the concat_data_cleaning function
[2024-12-25 13:22:10,492] root - INFO - enterned the concat_data_cleaning function
[2024-12-25 13:22:10,525] root - INFO - enterned the concat_data_cleaning function
[2024-12-25 13:22:10,532] root - INFO - enterned the concat_data_cleaning function
[2024-12-25 13:22:10,532] root - INFO - enterned the concat_data_cleaning function
[2024-12-25 13:22:10,573] root - INFO - enterned the concat_data_cleaning function
[2024-12-25 13:22:10,768] root - INFO - enterned the concat_data_cleaning function
[2024-12-25 13:22:10,802] root - INFO - enterned the concat_data_cleaning function
[2024-12-25 13:22:10,802] root - INFO - enterned the concat_data_cleaning function
[2024-12-25 13:22:10,821] root - INFO - enterned the concat_data_cleaning function
[2024-12-25 13:22:10,832] root - INFO - enterned the concat_data_cleaning function
[2024-12-25 13:22:10,939] root - INFO - enterned the concat_data_cleaning function
[2024-12-25 13:22:10,952] root - INFO - enterned the concat_data_cleaning function
[2024-12-25 13:22:10,985] root - INFO - enterned the concat_data_cleaning function
[2024-12-25 13:22:10,992] root - INFO - enterned the concat_data_cleaning function
[2024-12-25 13:22:11,028] root - INFO - enterned the concat_data_cleaning function
[2024-12-25 13:22:11,083] root - INFO - enterned the concat_data_cleaning function
[2024-12-25 13:22:11,747] root - INFO - enterned the concat_data_cleaning function
[2024-12-25 13:22:11,812] root - INFO - enterned the concat_data_cleaning function
[2024-12-25 13:22:11,882] root - INFO - enterned the concat_data_cleaning function
[2024-12-25 13:22:11,983] root - INFO - enterned the concat_data_cleaning function
[2024-12-25 13:22:12,017] root - INFO - enterned the concat_data_cleaning function
[2024-12-25 13:22:12,022] root - INFO - enterned the concat_data_cleaning function
[2024-12-25 13:22:12,292] root - INFO - enterned the concat_data_cleaning function
[2024-12-25 13:22:12,302] root - INFO - enterned the concat_data_cleaning function
[2024-12-25 13:22:12,316] root - INFO - enterned the concat_data_cleaning function
[2024-12-25 13:22:12,508] root - INFO - enterned the concat_data_cleaning function
[2024-12-25 13:22:12,664] root - INFO - enterned the concat_data_cleaning function
[2024-12-25 13:22:12,705] root - INFO - enterned the concat_data_cleaning function
[2024-12-25 13:22:12,713] root - INFO - enterned the concat_data_cleaning function
[2024-12-25 13:22:12,822] root - INFO - enterned the concat_data_cleaning function
[2024-12-25 13:22:12,872] root - INFO - enterned the concat_data_cleaning function
[2024-12-25 13:22:12,886] root - INFO - enterned the concat_data_cleaning function
[2024-12-25 13:22:12,913] root - INFO - enterned the concat_data_cleaning function
[2024-12-25 13:22:13,013] root - INFO - enterned the concat_data_cleaning function
[2024-12-25 13:22:13,046] root - INFO - enterned the concat_data_cleaning function
[2024-12-25 13:22:13,046] root - INFO - enterned the concat_data_cleaning function
[2024-12-25 13:22:13,162] root - INFO - enterned the concat_data_cleaning function
[2024-12-25 13:22:13,172] root - INFO - enterned the concat_data_cleaning function
[2024-12-25 13:22:13,232] root - INFO - enterned the concat_data_cleaning function
[2024-12-25 13:22:13,457] root - INFO - enterned the concat_data_cleaning function
[2024-12-25 13:22:13,522] root - INFO - enterned the concat_data_cleaning function
[2024-12-25 13:22:13,562] root - INFO - enterned the concat_data_cleaning function
[2024-12-25 13:22:13,575] root - INFO - enterned the concat_data_cleaning function
[2024-12-25 13:22:13,795] root - INFO - enterned the concat_data_cleaning function
[2024-12-25 13:22:14,001] root - INFO - enterned the concat_data_cleaning function
[2024-12-25 13:22:14,012] root - INFO - enterned the concat_data_cleaning function
[2024-12-25 13:22:14,145] root - INFO - enterned the concat_data_cleaning function
[2024-12-25 13:22:14,184] root - INFO - enterned the concat_data_cleaning function
[2024-12-25 13:22:14,207] root - INFO - enterned the concat_data_cleaning function
[2024-12-25 13:22:14,214] root - INFO - enterned the concat_data_cleaning function
[2024-12-25 13:22:14,315] root - INFO - enterned the concat_data_cleaning function
[2024-12-25 13:22:14,422] root - INFO - enterned the concat_data_cleaning function
[2024-12-25 13:22:14,522] root - INFO - enterned the concat_data_cleaning function
[2024-12-25 13:22:14,775] root - INFO - enterned the concat_data_cleaning function
[2024-12-25 13:22:14,794] root - INFO - enterned the concat_data_cleaning function
[2024-12-25 13:22:15,518] root - INFO - enterned the concat_data_cleaning function
[2024-12-25 13:22:15,777] root - INFO - enterned the concat_data_cleaning function
[2024-12-25 13:22:16,077] root - INFO - enterned the concat_data_cleaning function
[2024-12-25 13:22:16,297] root - INFO - enterned the concat_data_cleaning function
[2024-12-25 13:22:16,312] root - INFO - enterned the concat_data_cleaning function
[2024-12-25 13:22:16,357] root - INFO - enterned the concat_data_cleaning function
[2024-12-25 13:22:16,390] root - INFO - enterned the concat_data_cleaning function
[2024-12-25 13:22:16,391] root - INFO - enterned the concat_data_cleaning function
[2024-12-25 13:22:16,492] root - INFO - enterned the concat_data_cleaning function
[2024-12-25 13:22:16,823] root - INFO - enterned the concat_data_cleaning function
[2024-12-25 13:22:16,842] root - INFO - enterned the concat_data_cleaning function
[2024-12-25 13:22:16,848] root - INFO - enterned the concat_data_cleaning function
[2024-12-25 13:22:16,907] root - INFO - enterned the concat_data_cleaning function
[2024-12-25 13:22:16,912] root - INFO - enterned the concat_data_cleaning function
[2024-12-25 13:22:16,912] root - INFO - enterned the concat_data_cleaning function
[2024-12-25 13:22:17,076] root - INFO - enterned the concat_data_cleaning function
[2024-12-25 13:22:17,092] root - INFO - enterned the concat_data_cleaning function
[2024-12-25 13:22:17,092] root - INFO - enterned the concat_data_cleaning function
[2024-12-25 13:22:17,242] root - INFO - enterned the concat_data_cleaning function
[2024-12-25 13:22:17,382] root - INFO - enterned the concat_data_cleaning function
[2024-12-25 13:22:17,477] root - INFO - enterned the concat_data_cleaning function
[2024-12-25 13:22:17,493] root - INFO - enterned the concat_data_cleaning function
[2024-12-25 13:22:17,518] root - INFO - enterned the concat_data_cleaning function
[2024-12-25 13:22:17,560] root - INFO - enterned the concat_data_cleaning function
[2024-12-25 13:22:17,661] root - INFO - enterned the concat_data_cleaning function
[2024-12-25 13:22:17,667] root - INFO - enterned the concat_data_cleaning function
[2024-12-25 13:22:17,667] root - INFO - enterned the concat_data_cleaning function
[2024-12-25 13:22:17,943] root - INFO - enterned the concat_data_cleaning function
[2024-12-25 13:22:17,972] root - INFO - enterned the concat_data_cleaning function
[2024-12-25 13:22:18,462] root - INFO - enterned the concat_data_cleaning function
[2024-12-25 13:22:18,674] root - INFO - enterned the concat_data_cleaning function
[2024-12-25 13:22:18,727] root - INFO - enterned the concat_data_cleaning function
[2024-12-25 13:22:18,754] root - INFO - enterned the concat_data_cleaning function
[2024-12-25 13:22:18,815] root - INFO - enterned the concat_data_cleaning function
[2024-12-25 13:22:18,892] root - INFO - enterned the concat_data_cleaning function
[2024-12-25 13:22:18,902] root - INFO - enterned the concat_data_cleaning function
[2024-12-25 13:22:18,981] root - INFO - enterned the concat_data_cleaning function
[2024-12-25 13:22:19,095] root - INFO - enterned the concat_data_cleaning function
[2024-12-25 13:22:19,262] root - INFO - enterned the concat_data_cleaning function
[2024-12-25 13:22:19,341] root - INFO - enterned the concat_data_cleaning function
[2024-12-25 13:22:19,442] root - INFO - enterned the concat_data_cleaning function
[2024-12-25 13:22:19,636] root - INFO - enterned the concat_data_cleaning function
[2024-12-25 13:22:20,159] root - INFO - enterned the concat_data_cleaning function
[2024-12-25 13:22:20,174] root - INFO - enterned the concat_data_cleaning function
[2024-12-25 13:22:20,182] root - INFO - enterned the concat_data_cleaning function
[2024-12-25 13:22:20,225] root - INFO - enterned the concat_data_cleaning function
[2024-12-25 13:22:20,312] root - INFO - enterned the concat_data_cleaning function
[2024-12-25 13:22:20,675] root - INFO - enterned the concat_data_cleaning function
[2024-12-25 13:22:21,197] root - INFO - enterned the concat_data_cleaning function
[2024-12-25 13:22:21,587] root - INFO - enterned the concat_data_cleaning function
[2024-12-25 13:22:21,592] root - INFO - enterned the concat_data_cleaning function
[2024-12-25 13:22:21,596] root - INFO - enterned the concat_data_cleaning function
[2024-12-25 13:22:21,612] root - INFO - enterned the concat_data_cleaning function
[2024-12-25 13:22:21,612] root - INFO - enterned the concat_data_cleaning function
[2024-12-25 13:22:21,622] root - INFO - enterned the concat_data_cleaning function
[2024-12-25 13:22:21,677] root - INFO - enterned the concat_data_cleaning function
[2024-12-25 13:22:21,712] root - INFO - enterned the concat_data_cleaning function
[2024-12-25 13:22:21,728] root - INFO - enterned the concat_data_cleaning function
[2024-12-25 13:22:21,782] root - INFO - enterned the concat_data_cleaning function
[2024-12-25 13:22:21,818] root - INFO - enterned the concat_data_cleaning function
[2024-12-25 13:22:21,824] root - INFO - enterned the concat_data_cleaning function
[2024-12-25 13:22:21,832] root - INFO - enterned the concat_data_cleaning function
[2024-12-25 13:22:21,832] root - INFO - enterned the concat_data_cleaning function
[2024-12-25 13:22:21,848] root - INFO - enterned the concat_data_cleaning function
[2024-12-25 13:22:21,858] root - INFO - enterned the concat_data_cleaning function
[2024-12-25 13:22:21,866] root - INFO - enterned the concat_data_cleaning function
[2024-12-25 13:22:21,901] root - INFO - enterned the concat_data_cleaning function
[2024-12-25 13:22:22,007] root - INFO - enterned the concat_data_cleaning function
[2024-12-25 13:22:22,270] root - INFO - enterned the concat_data_cleaning function
[2024-12-25 13:22:22,275] root - INFO - enterned the concat_data_cleaning function
[2024-12-25 13:22:22,752] root - INFO - enterned the concat_data_cleaning function
[2024-12-25 13:22:22,871] root - INFO - enterned the concat_data_cleaning function
[2024-12-25 13:22:23,172] root - INFO - enterned the concat_data_cleaning function
[2024-12-25 13:22:23,262] root - INFO - enterned the concat_data_cleaning function
[2024-12-25 13:22:23,327] root - INFO - enterned the concat_data_cleaning function
[2024-12-25 13:22:23,354] root - INFO - enterned the concat_data_cleaning function
[2024-12-25 13:22:23,737] root - INFO - enterned the concat_data_cleaning function
[2024-12-25 13:22:23,972] root - INFO - enterned the concat_data_cleaning function
[2024-12-25 13:22:23,982] root - INFO - enterned the concat_data_cleaning function
[2024-12-25 13:22:24,022] root - INFO - enterned the concat_data_cleaning function
[2024-12-25 13:22:24,082] root - INFO - enterned the concat_data_cleaning function
[2024-12-25 13:22:24,087] root - INFO - enterned the concat_data_cleaning function
[2024-12-25 13:22:24,251] root - INFO - enterned the concat_data_cleaning function
[2024-12-25 13:22:24,283] root - INFO - enterned the concat_data_cleaning function
[2024-12-25 13:22:24,292] root - INFO - enterned the concat_data_cleaning function
[2024-12-25 13:22:24,568] root - INFO - enterned the concat_data_cleaning function
[2024-12-25 13:22:24,775] root - INFO - enterned the concat_data_cleaning function
[2024-12-25 13:22:24,775] root - INFO - enterned the concat_data_cleaning function
[2024-12-25 13:22:24,823] root - INFO - enterned the concat_data_cleaning function
[2024-12-25 13:22:24,823] root - INFO - enterned the concat_data_cleaning function
[2024-12-25 13:22:24,892] root - INFO - enterned the concat_data_cleaning function
[2024-12-25 13:22:24,932] root - INFO - enterned the concat_data_cleaning function
[2024-12-25 13:22:24,942] root - INFO - enterned the concat_data_cleaning function
[2024-12-25 13:22:25,002] root - INFO - enterned the concat_data_cleaning function
[2024-12-25 13:22:25,037] root - INFO - enterned the concat_data_cleaning function
[2024-12-25 13:22:25,062] root - INFO - enterned the concat_data_cleaning function
[2024-12-25 13:22:25,102] root - INFO - enterned the concat_data_cleaning function
[2024-12-25 13:22:25,187] root - INFO - enterned the concat_data_cleaning function
[2024-12-25 13:22:25,262] root - INFO - enterned the concat_data_cleaning function
[2024-12-25 13:22:25,321] root - INFO - enterned the concat_data_cleaning function
[2024-12-25 13:22:25,774] root - INFO - enterned the concat_data_cleaning function
[2024-12-25 13:22:25,867] root - INFO - enterned the concat_data_cleaning function
[2024-12-25 13:22:25,889] root - INFO - enterned the concat_data_cleaning function
[2024-12-25 13:22:25,906] root - INFO - enterned the concat_data_cleaning function
[2024-12-25 13:22:25,932] root - INFO - enterned the concat_data_cleaning function
[2024-12-25 13:22:25,957] root - INFO - enterned the concat_data_cleaning function
[2024-12-25 13:22:26,052] root - INFO - enterned the concat_data_cleaning function
[2024-12-25 13:22:26,142] root - INFO - enterned the concat_data_cleaning function
[2024-12-25 13:22:26,352] root - INFO - enterned the concat_data_cleaning function
[2024-12-25 13:22:26,386] root - INFO - enterned the concat_data_cleaning function
[2024-12-25 13:22:26,636] root - INFO - enterned the concat_data_cleaning function
[2024-12-25 13:22:26,812] root - INFO - enterned the concat_data_cleaning function
[2024-12-25 13:22:26,822] root - INFO - enterned the concat_data_cleaning function
[2024-12-25 13:22:26,828] root - INFO - enterned the concat_data_cleaning function
[2024-12-25 13:22:26,831] root - INFO - enterned the concat_data_cleaning function
[2024-12-25 13:22:26,831] root - INFO - enterned the concat_data_cleaning function
[2024-12-25 13:22:26,842] root - INFO - enterned the concat_data_cleaning function
[2024-12-25 13:22:26,862] root - INFO - enterned the concat_data_cleaning function
[2024-12-25 13:22:26,892] root - INFO - enterned the concat_data_cleaning function
[2024-12-25 13:22:26,902] root - INFO - enterned the concat_data_cleaning function
[2024-12-25 13:22:26,941] root - INFO - enterned the concat_data_cleaning function
[2024-12-25 13:22:26,956] root - INFO - enterned the concat_data_cleaning function
[2024-12-25 13:22:26,997] root - INFO - enterned the concat_data_cleaning function
[2024-12-25 13:22:26,997] root - INFO - enterned the concat_data_cleaning function
[2024-12-25 13:22:27,002] root - INFO - enterned the concat_data_cleaning function
[2024-12-25 13:22:27,027] root - INFO - enterned the concat_data_cleaning function
[2024-12-25 13:22:27,037] root - INFO - enterned the concat_data_cleaning function
[2024-12-25 13:22:27,152] root - INFO - enterned the concat_data_cleaning function
[2024-12-25 13:22:27,157] root - INFO - enterned the concat_data_cleaning function
[2024-12-25 13:22:27,162] root - INFO - enterned the concat_data_cleaning function
[2024-12-25 13:22:27,173] root - INFO - enterned the concat_data_cleaning function
[2024-12-25 13:22:27,173] root - INFO - enterned the concat_data_cleaning function
[2024-12-25 13:22:27,622] root - INFO - enterned the concat_data_cleaning function
[2024-12-25 13:22:27,627] root - INFO - enterned the concat_data_cleaning function
[2024-12-25 13:22:28,021] root - INFO - enterned the concat_data_cleaning function
[2024-12-25 13:22:28,027] root - INFO - enterned the concat_data_cleaning function
[2024-12-25 13:22:28,033] root - INFO - enterned the concat_data_cleaning function
[2024-12-25 13:22:28,043] root - INFO - enterned the concat_data_cleaning function
[2024-12-25 13:22:28,387] root - INFO - enterned the concat_data_cleaning function
[2024-12-25 13:22:28,393] root - INFO - enterned the concat_data_cleaning function
[2024-12-25 13:22:28,492] root - INFO - enterned the concat_data_cleaning function
[2024-12-25 13:22:28,586] root - INFO - enterned the concat_data_cleaning function
[2024-12-25 13:22:28,592] root - INFO - enterned the concat_data_cleaning function
[2024-12-25 13:22:29,172] root - INFO - enterned the concat_data_cleaning function
[2024-12-25 13:22:29,192] root - INFO - enterned the concat_data_cleaning function
[2024-12-25 13:22:29,462] root - INFO - enterned the concat_data_cleaning function
[2024-12-25 13:22:29,652] root - INFO - enterned the concat_data_cleaning function
[2024-12-25 13:22:29,683] root - INFO - enterned the concat_data_cleaning function
[2024-12-25 13:22:29,722] root - INFO - enterned the concat_data_cleaning function
[2024-12-25 13:22:29,722] root - INFO - enterned the concat_data_cleaning function
[2024-12-25 13:22:29,732] root - INFO - enterned the concat_data_cleaning function
[2024-12-25 13:22:29,732] root - INFO - enterned the concat_data_cleaning function
[2024-12-25 13:22:29,752] root - INFO - enterned the concat_data_cleaning function
[2024-12-25 13:22:29,831] root - INFO - enterned the concat_data_cleaning function
[2024-12-25 13:22:29,851] root - INFO - enterned the concat_data_cleaning function
[2024-12-25 13:22:29,864] root - INFO - enterned the concat_data_cleaning function
[2024-12-25 13:22:30,132] root - INFO - enterned the concat_data_cleaning function
[2024-12-25 13:22:30,202] root - INFO - enterned the concat_data_cleaning function
[2024-12-25 13:22:30,497] root - INFO - enterned the concat_data_cleaning function
[2024-12-25 13:22:30,502] root - INFO - enterned the concat_data_cleaning function
[2024-12-25 13:22:30,502] root - INFO - enterned the concat_data_cleaning function
[2024-12-25 13:22:30,657] root - INFO - enterned the concat_data_cleaning function
[2024-12-25 13:22:30,666] root - INFO - enterned the concat_data_cleaning function
[2024-12-25 13:22:30,814] root - INFO - enterned the concat_data_cleaning function
[2024-12-25 13:22:30,822] root - INFO - enterned the concat_data_cleaning function
[2024-12-25 13:22:30,842] root - INFO - enterned the concat_data_cleaning function
[2024-12-25 13:22:31,200] root - INFO - enterned the concat_data_cleaning function
[2024-12-25 13:22:31,722] root - INFO - enterned the concat_data_cleaning function
[2024-12-25 13:22:31,944] root - INFO - enterned the concat_data_cleaning function
[2024-12-25 13:22:31,944] root - INFO - enterned the concat_data_cleaning function
[2024-12-25 13:22:32,284] root - INFO - enterned the concat_data_cleaning function
[2024-12-25 13:22:32,288] root - INFO - enterned the concat_data_cleaning function
[2024-12-25 13:22:32,418] root - INFO - enterned the concat_data_cleaning function
[2024-12-25 13:22:32,424] root - INFO - enterned the concat_data_cleaning function
[2024-12-25 13:22:33,105] root - INFO - enterned the concat_data_cleaning function
[2024-12-25 13:22:33,161] root - INFO - enterned the concat_data_cleaning function
[2024-12-25 13:22:33,163] root - INFO - enterned the concat_data_cleaning function
[2024-12-25 13:22:33,221] root - INFO - enterned the concat_data_cleaning function
[2024-12-25 13:22:33,242] root - INFO - enterned the concat_data_cleaning function
[2024-12-25 13:22:33,262] root - INFO - enterned the concat_data_cleaning function
[2024-12-25 13:22:33,322] root - INFO - enterned the concat_data_cleaning function
[2024-12-25 13:22:33,322] root - INFO - enterned the concat_data_cleaning function
[2024-12-25 13:22:33,432] root - INFO - enterned the concat_data_cleaning function
[2024-12-25 13:22:33,582] root - INFO - enterned the concat_data_cleaning function
[2024-12-25 13:22:33,722] root - INFO - enterned the concat_data_cleaning function
[2024-12-25 13:22:33,735] root - INFO - enterned the concat_data_cleaning function
[2024-12-25 13:22:33,768] root - INFO - enterned the concat_data_cleaning function
[2024-12-25 13:22:33,882] root - INFO - enterned the concat_data_cleaning function
[2024-12-25 13:22:34,202] root - INFO - enterned the concat_data_cleaning function
[2024-12-25 13:22:34,212] root - INFO - enterned the concat_data_cleaning function
[2024-12-25 13:22:34,522] root - INFO - enterned the concat_data_cleaning function
[2024-12-25 13:22:34,533] root - INFO - enterned the concat_data_cleaning function
[2024-12-25 13:22:35,152] root - INFO - enterned the concat_data_cleaning function
[2024-12-25 13:22:35,206] root - INFO - enterned the concat_data_cleaning function
[2024-12-25 13:22:35,342] root - INFO - enterned the concat_data_cleaning function
[2024-12-25 13:22:35,543] root - INFO - enterned the concat_data_cleaning function
[2024-12-25 13:22:35,751] root - INFO - enterned the concat_data_cleaning function
[2024-12-25 13:22:35,852] root - INFO - enterned the concat_data_cleaning function
[2024-12-25 13:22:36,172] root - INFO - enterned the concat_data_cleaning function
[2024-12-25 13:22:36,665] root - INFO - enterned the concat_data_cleaning function
[2024-12-25 13:22:36,672] root - INFO - enterned the concat_data_cleaning function
[2024-12-25 13:22:36,682] root - INFO - enterned the concat_data_cleaning function
[2024-12-25 13:22:36,682] root - INFO - enterned the concat_data_cleaning function
[2024-12-25 13:22:36,682] root - INFO - enterned the concat_data_cleaning function
[2024-12-25 13:22:36,761] root - INFO - enterned the concat_data_cleaning function
[2024-12-25 13:22:36,777] root - INFO - enterned the concat_data_cleaning function
[2024-12-25 13:22:37,462] root - INFO - enterned the concat_data_cleaning function
[2024-12-25 13:22:37,559] root - INFO - enterned the concat_data_cleaning function
[2024-12-25 13:22:37,632] root - INFO - enterned the concat_data_cleaning function
[2024-12-25 13:22:37,646] root - INFO - enterned the concat_data_cleaning function
[2024-12-25 13:22:37,876] root - INFO - enterned the concat_data_cleaning function
[2024-12-25 13:22:37,896] root - INFO - enterned the concat_data_cleaning function
[2024-12-25 13:22:37,896] root - INFO - enterned the concat_data_cleaning function
[2024-12-25 13:22:37,922] root - INFO - enterned the concat_data_cleaning function
[2024-12-25 13:22:37,934] root - INFO - enterned the concat_data_cleaning function
[2024-12-25 13:22:38,113] root - INFO - enterned the concat_data_cleaning function
[2024-12-25 13:22:38,302] root - INFO - enterned the concat_data_cleaning function
[2024-12-25 13:22:38,311] root - INFO - enterned the concat_data_cleaning function
[2024-12-25 13:22:38,311] root - INFO - enterned the concat_data_cleaning function
[2024-12-25 13:22:38,600] root - INFO - enterned the concat_data_cleaning function
[2024-12-25 13:22:39,362] root - INFO - enterned the concat_data_cleaning function
[2024-12-25 13:22:39,362] root - INFO - enterned the concat_data_cleaning function
[2024-12-25 13:22:39,377] root - INFO - enterned the concat_data_cleaning function
[2024-12-25 13:22:39,382] root - INFO - enterned the concat_data_cleaning function
[2024-12-25 13:22:39,387] root - INFO - enterned the concat_data_cleaning function
[2024-12-25 13:22:39,532] root - INFO - enterned the concat_data_cleaning function
[2024-12-25 13:22:39,602] root - INFO - enterned the concat_data_cleaning function
[2024-12-25 13:22:39,607] root - INFO - enterned the concat_data_cleaning function
[2024-12-25 13:22:39,614] root - INFO - enterned the concat_data_cleaning function
[2024-12-25 13:22:39,672] root - INFO - enterned the concat_data_cleaning function
[2024-12-25 13:22:39,698] root - INFO - enterned the concat_data_cleaning function
[2024-12-25 13:22:39,752] root - INFO - enterned the concat_data_cleaning function
[2024-12-25 13:22:40,179] root - INFO - enterned the concat_data_cleaning function
[2024-12-25 13:22:40,502] root - INFO - enterned the concat_data_cleaning function
[2024-12-25 13:22:40,992] root - INFO - enterned the concat_data_cleaning function
[2024-12-25 13:22:41,630] root - INFO - enterned the concat_data_cleaning function
[2024-12-25 13:22:41,850] root - INFO - enterned the concat_data_cleaning function
[2024-12-25 13:22:41,901] root - INFO - enterned the concat_data_cleaning function
[2024-12-25 13:22:42,152] root - INFO - enterned the concat_data_cleaning function
[2024-12-25 13:22:42,536] root - INFO - enterned the concat_data_cleaning function
[2024-12-25 13:22:42,661] root - INFO - enterned the concat_data_cleaning function
[2024-12-25 13:22:42,682] root - INFO - enterned the concat_data_cleaning function
[2024-12-25 13:22:42,759] root - INFO - enterned the concat_data_cleaning function
[2024-12-25 13:22:42,763] root - INFO - enterned the concat_data_cleaning function
[2024-12-25 13:22:42,764] root - INFO - enterned the concat_data_cleaning function
[2024-12-25 13:22:42,770] root - INFO - enterned the concat_data_cleaning function
[2024-12-25 13:22:42,772] root - INFO - enterned the concat_data_cleaning function
[2024-12-25 13:22:43,028] root - INFO - enterned the concat_data_cleaning function
[2024-12-25 13:22:43,376] root - INFO - enterned the concat_data_cleaning function
[2024-12-25 13:22:44,082] root - INFO - enterned the concat_data_cleaning function
[2024-12-25 13:22:44,212] root - INFO - enterned the concat_data_cleaning function
[2024-12-25 13:22:44,378] root - INFO - enterned the concat_data_cleaning function
[2024-12-25 13:22:44,398] root - INFO - enterned the concat_data_cleaning function
[2024-12-25 13:22:44,402] root - INFO - enterned the concat_data_cleaning function
[2024-12-25 13:22:44,894] root - INFO - enterned the concat_data_cleaning function
[2024-12-25 13:22:45,221] root - INFO - enterned the concat_data_cleaning function
[2024-12-25 13:22:45,252] root - INFO - enterned the concat_data_cleaning function
[2024-12-25 13:22:45,276] root - INFO - enterned the concat_data_cleaning function
[2024-12-25 13:22:45,322] root - INFO - enterned the concat_data_cleaning function
[2024-12-25 13:22:45,368] root - INFO - enterned the concat_data_cleaning function
[2024-12-25 13:22:45,379] root - INFO - enterned the concat_data_cleaning function
[2024-12-25 13:22:45,384] root - INFO - enterned the concat_data_cleaning function
[2024-12-25 13:22:45,454] root - INFO - enterned the concat_data_cleaning function
[2024-12-25 13:22:45,483] root - INFO - enterned the concat_data_cleaning function
[2024-12-25 13:22:45,502] root - INFO - enterned the concat_data_cleaning function
[2024-12-25 13:22:45,542] root - INFO - enterned the concat_data_cleaning function
[2024-12-25 13:22:45,552] root - INFO - enterned the concat_data_cleaning function
[2024-12-25 13:22:45,677] root - INFO - enterned the concat_data_cleaning function
[2024-12-25 13:22:45,681] root - INFO - enterned the concat_data_cleaning function
[2024-12-25 13:22:45,902] root - INFO - enterned the concat_data_cleaning function
[2024-12-25 13:22:46,102] root - INFO - enterned the concat_data_cleaning function
[2024-12-25 13:22:46,102] root - INFO - enterned the concat_data_cleaning function
[2024-12-25 13:22:46,102] root - INFO - enterned the concat_data_cleaning function
[2024-12-25 13:22:46,114] root - INFO - enterned the concat_data_cleaning function
[2024-12-25 13:22:46,122] root - INFO - enterned the concat_data_cleaning function
[2024-12-25 13:22:46,144] root - INFO - enterned the concat_data_cleaning function
[2024-12-25 13:22:46,144] root - INFO - enterned the concat_data_cleaning function
[2024-12-25 13:22:46,182] root - INFO - enterned the concat_data_cleaning function
[2024-12-25 13:22:46,400] root - INFO - enterned the concat_data_cleaning function
[2024-12-25 13:22:46,404] root - INFO - enterned the concat_data_cleaning function
[2024-12-25 13:22:46,615] root - INFO - enterned the concat_data_cleaning function
[2024-12-25 13:22:46,814] root - INFO - enterned the concat_data_cleaning function
[2024-12-25 13:22:46,818] root - INFO - enterned the concat_data_cleaning function
[2024-12-25 13:22:46,821] root - INFO - enterned the concat_data_cleaning function
[2024-12-25 13:22:46,917] root - INFO - enterned the concat_data_cleaning function
[2024-12-25 13:22:46,933] root - INFO - enterned the concat_data_cleaning function
[2024-12-25 13:22:47,432] root - INFO - enterned the concat_data_cleaning function
[2024-12-25 13:22:47,678] root - INFO - enterned the concat_data_cleaning function
[2024-12-25 13:22:47,702] root - INFO - enterned the concat_data_cleaning function
[2024-12-25 13:22:47,912] root - INFO - enterned the concat_data_cleaning function
[2024-12-25 13:22:47,922] root - INFO - enterned the concat_data_cleaning function
[2024-12-25 13:22:47,937] root - INFO - enterned the concat_data_cleaning function
[2024-12-25 13:22:47,974] root - INFO - enterned the concat_data_cleaning function
[2024-12-25 13:22:47,975] root - INFO - enterned the concat_data_cleaning function
[2024-12-25 13:22:48,150] root - INFO - enterned the concat_data_cleaning function
[2024-12-25 13:22:48,166] root - INFO - enterned the concat_data_cleaning function
[2024-12-25 13:22:48,171] root - INFO - enterned the concat_data_cleaning function
[2024-12-25 13:22:48,812] root - INFO - enterned the concat_data_cleaning function
[2024-12-25 13:22:48,871] root - INFO - enterned the concat_data_cleaning function
[2024-12-25 13:22:48,917] root - INFO - enterned the concat_data_cleaning function
[2024-12-25 13:22:48,947] root - INFO - enterned the concat_data_cleaning function
[2024-12-25 13:22:49,016] root - INFO - enterned the concat_data_cleaning function
[2024-12-25 13:22:49,016] root - INFO - enterned the concat_data_cleaning function
[2024-12-25 13:22:49,033] root - INFO - enterned the concat_data_cleaning function
[2024-12-25 13:22:49,112] root - INFO - enterned the concat_data_cleaning function
[2024-12-25 13:22:49,154] root - INFO - enterned the concat_data_cleaning function
[2024-12-25 13:22:49,329] root - INFO - enterned the concat_data_cleaning function
[2024-12-25 13:22:49,334] root - INFO - enterned the concat_data_cleaning function
[2024-12-25 13:22:49,397] root - INFO - enterned the concat_data_cleaning function
[2024-12-25 13:22:49,402] root - INFO - enterned the concat_data_cleaning function
[2024-12-25 13:22:49,452] root - INFO - enterned the concat_data_cleaning function
[2024-12-25 13:22:49,492] root - INFO - enterned the concat_data_cleaning function
[2024-12-25 13:22:49,494] root - INFO - enterned the concat_data_cleaning function
[2024-12-25 13:22:49,502] root - INFO - enterned the concat_data_cleaning function
[2024-12-25 13:22:49,513] root - INFO - enterned the concat_data_cleaning function
[2024-12-25 13:22:49,513] root - INFO - enterned the concat_data_cleaning function
[2024-12-25 13:22:49,599] root - INFO - enterned the concat_data_cleaning function
[2024-12-25 13:22:49,716] root - INFO - enterned the concat_data_cleaning function
[2024-12-25 13:22:49,797] root - INFO - enterned the concat_data_cleaning function
[2024-12-25 13:22:49,802] root - INFO - enterned the concat_data_cleaning function
[2024-12-25 13:22:50,299] root - INFO - enterned the concat_data_cleaning function
[2024-12-25 13:22:50,312] root - INFO - enterned the concat_data_cleaning function
[2024-12-25 13:22:50,344] root - INFO - enterned the concat_data_cleaning function
[2024-12-25 13:22:50,350] root - INFO - enterned the concat_data_cleaning function
[2024-12-25 13:22:50,606] root - INFO - enterned the concat_data_cleaning function
[2024-12-25 13:22:50,852] root - INFO - enterned the concat_data_cleaning function
[2024-12-25 13:22:50,865] root - INFO - enterned the concat_data_cleaning function
[2024-12-25 13:22:51,163] root - INFO - enterned the concat_data_cleaning function
[2024-12-25 13:22:51,165] root - INFO - enterned the concat_data_cleaning function
[2024-12-25 13:22:51,190] root - INFO - enterned the concat_data_cleaning function
[2024-12-25 13:22:51,298] root - INFO - enterned the concat_data_cleaning function
[2024-12-25 13:22:51,372] root - INFO - enterned the concat_data_cleaning function
[2024-12-25 13:22:51,585] root - INFO - enterned the concat_data_cleaning function
[2024-12-25 13:22:51,588] root - INFO - enterned the concat_data_cleaning function
[2024-12-25 13:22:51,772] root - INFO - enterned the concat_data_cleaning function
[2024-12-25 13:22:51,774] root - INFO - enterned the concat_data_cleaning function
[2024-12-25 13:22:51,802] root - INFO - enterned the concat_data_cleaning function
[2024-12-25 13:22:51,813] root - INFO - enterned the concat_data_cleaning function
[2024-12-25 13:22:51,901] root - INFO - enterned the concat_data_cleaning function
[2024-12-25 13:22:51,908] root - INFO - enterned the concat_data_cleaning function
[2024-12-25 13:22:51,912] root - INFO - enterned the concat_data_cleaning function
[2024-12-25 13:22:52,142] root - INFO - enterned the concat_data_cleaning function
[2024-12-25 13:22:52,212] root - INFO - enterned the concat_data_cleaning function
[2024-12-25 13:22:52,247] root - INFO - enterned the concat_data_cleaning function
[2024-12-25 13:22:52,712] root - INFO - enterned the concat_data_cleaning function
[2024-12-25 13:22:52,733] root - INFO - enterned the concat_data_cleaning function
[2024-12-25 13:22:52,997] root - INFO - enterned the concat_data_cleaning function
[2024-12-25 13:22:53,976] root - INFO - enterned the concat_data_cleaning function
[2024-12-25 13:22:54,297] root - INFO - enterned the concat_data_cleaning function
[2024-12-25 13:22:54,307] root - INFO - enterned the concat_data_cleaning function
[2024-12-25 13:22:54,315] root - INFO - enterned the concat_data_cleaning function
[2024-12-25 13:22:54,475] root - INFO - enterned the concat_data_cleaning function
[2024-12-25 13:22:55,316] root - INFO - enterned the concat_data_cleaning function
[2024-12-25 13:22:55,504] root - INFO - enterned the concat_data_cleaning function
[2024-12-25 13:22:55,953] root - INFO - enterned the concat_data_cleaning function
[2024-12-25 13:22:56,066] root - INFO - enterned the concat_data_cleaning function
[2024-12-25 13:22:56,072] root - INFO - enterned the concat_data_cleaning function
[2024-12-25 13:22:56,084] root - INFO - enterned the concat_data_cleaning function
[2024-12-25 13:22:56,745] root - INFO - enterned the concat_data_cleaning function
[2024-12-25 13:22:56,847] root - INFO - enterned the concat_data_cleaning function
[2024-12-25 13:22:57,422] root - INFO - enterned the concat_data_cleaning function
[2024-12-25 13:22:57,442] root - INFO - enterned the concat_data_cleaning function
[2024-12-25 13:22:57,466] root - INFO - enterned the concat_data_cleaning function
[2024-12-25 13:22:57,509] root - INFO - enterned the concat_data_cleaning function
[2024-12-25 13:22:57,514] root - INFO - enterned the concat_data_cleaning function
[2024-12-25 13:22:57,691] root - INFO - enterned the concat_data_cleaning function
[2024-12-25 13:22:57,845] root - INFO - enterned the concat_data_cleaning function
[2024-12-25 13:22:57,870] root - INFO - enterned the concat_data_cleaning function
