[2024-12-25 01:31:39,472] root - INFO - Entered the run_pipeline method of training pipeline
[2024-12-25 01:31:39,472] root - INFO - Entered the start data_ingestion method of Trainingpipeline class
[2024-12-25 01:31:39,472] root - INFO - Getting data
[2024-12-25 01:31:39,472] root - INFO - Entered the initate data_ingestion method class
[2024-12-25 01:31:39,472] root - INFO - Downloading data from https://drive.google.com/file/d/1J8Gd0d4YwOhdkN0SALD1CBRe-argMey_/view?usp=drive_link into file D:\ML_Projects\End_to_end\Text_Classification\artifacts\12_25_2024_01_31_35\DataIngestionArtifacts\dataset.zip
[2024-12-25 01:31:39,481] urllib3.connectionpool - DEBUG - Starting new HTTPS connection (1): drive.google.com:443
[2024-12-25 01:31:43,982] urllib3.connectionpool - DEBUG - https://drive.google.com:443 "GET /uc?/export=download&id=1J8Gd0d4YwOhdkN0SALD1CBRe-argMey_ HTTP/11" 303 0
[2024-12-25 01:31:43,982] urllib3.connectionpool - DEBUG - Starting new HTTPS connection (1): doc-00-3o-docs.googleusercontent.com:443
[2024-12-25 01:31:46,650] urllib3.connectionpool - DEBUG - https://doc-00-3o-docs.googleusercontent.com:443 "GET /docs/securesc/u727qbb4h4vr5rmirulce2ubr3lm7ml6/ei7pdv8mqeagrfndut1pl81o6at4jcrt/1735070475000/05840176216229665370/06160806390192916552Z/1J8Gd0d4YwOhdkN0SALD1CBRe-argMey_?uuid=29ad6b6a-952e-4a45-ae9c-02fa6834f0bf HTTP/11" 200 2323493
[2024-12-25 01:31:48,010] root - INFO - Downloading data from https://drive.google.com/file/d/1J8Gd0d4YwOhdkN0SALD1CBRe-argMey_/view?usp=drive_link into file D:\ML_Projects\End_to_end\Text_Classification\artifacts\12_25_2024_01_31_35\DataIngestionArtifacts\dataset.zip
[2024-12-25 01:31:48,010] root - INFO - fetched the data from drive
[2024-12-25 01:31:48,075] root - INFO - Existed the extract_zip_file mehod
[2024-12-25 01:31:48,075] root - INFO - data ingestion artifact: DataIngestionArtifacts(imbalance_data_file_path='D:\\ML_Projects\\End_to_end\\Text_Classification\\artifacts\\12_25_2024_01_31_35\\DataIngestionArtifacts\\imbalanced_data.csv', raw_data_file_path='D:\\ML_Projects\\End_to_end\\Text_Classification\\artifacts\\12_25_2024_01_31_35\\DataIngestionArtifacts\\raw_data.csv')
[2024-12-25 01:31:48,075] root - INFO - enterned into start data_transformation method of training pipeline
[2024-12-25 01:31:48,075] root - INFO - entered inthe initate_data_transformation methos of Data transformation
[2024-12-25 01:31:48,077] root - INFO - Entered into the imbalanced_data_cleaning function
[2024-12-25 01:31:48,198] root - INFO - Existed the imbalance data_cleaning function and returned imbalanced data        label                                              tweet
0          0   @user when a father is dysfunctional and is s...
1          0  @user @user thanks for #lyft credit i can't us...
2          0                                bihday your majesty
3          0  #model   i love u take with u all the time in ...
4          0             factsguide: society now    #motivation
...      ...                                                ...
31957      0  ate @user isz that youuu?ð\x9f\x98\x8dð\x9f\x98\x8dð\x9f\x98\x8dð\x9f\x98\x8dð\x9f\x98\x8dð...
31958      0    to see nina turner on the airwaves trying to...
31959      0  listening to sad songs on a monday morning otw...
31960      1  @user #sikh #temple vandalised in in #calgary,...
31961      0                   thank you @user for you follow  

[31962 rows x 2 columns]
[2024-12-25 01:31:48,198] root - INFO - Entered into raw data cleaning function
